<?xml version="1.0" encoding="UTF-8"?>
<testng-results ignored="0" total="1" passed="1" failed="0" skipped="0">
  <reporter-output>
  </reporter-output>
  <suite started-at="2023-12-26T16:39:23 IST" name="Default suite" finished-at="2023-12-26T16:39:24 IST" duration-ms="44">
    <groups>
    </groups>
    <test started-at="2023-12-26T16:39:23 IST" name="Default test" finished-at="2023-12-26T16:39:24 IST" duration-ms="44">
      <class name="Corejavapackage.PS1">
        <test-method is-config="true" signature="beforeMethod()[pri:0, instance:Corejavapackage.PS1@4e7912d8]" started-at="2023-12-26T16:39:23 IST" name="beforeMethod" finished-at="2023-12-26T16:39:23 IST" duration-ms="4" status="PASS">
          <reporter-output>
          </reporter-output>
        </test-method> <!-- beforeMethod -->
        <test-method signature="testRun()[pri:0, instance:Corejavapackage.PS1@4e7912d8]" started-at="2023-12-26T16:39:23 IST" name="testRun" finished-at="2023-12-26T16:39:23 IST" duration-ms="5" status="PASS">
          <reporter-output>
          </reporter-output>
        </test-method> <!-- testRun -->
      </class> <!-- Corejavapackage.PS1 -->
    </test> <!-- Default test -->
  </suite> <!-- Default suite -->
</testng-results>
